<?xml version="1.0" encoding="utf-8"?><testsuites name="pytest tests"><testsuite name="pytest" errors="0" failures="2" skipped="0" tests="24" time="7.909" timestamp="2026-02-02T20:08:16.244655+00:00" hostname="agent-env-64e534a2-acd2-4d2c-b303-7aa8d086a682"><testcase classname="backend.tests.test_abandoned_cart.TestPublicEndpoints" name="test_products_endpoint" time="0.079" /><testcase classname="backend.tests.test_abandoned_cart.TestPublicEndpoints" name="test_categories_endpoint" time="0.010" /><testcase classname="backend.tests.test_abandoned_cart.TestPublicEndpoints" name="test_gst_settings_endpoint" time="0.051" /><testcase classname="backend.tests.test_abandoned_cart.TestPublicEndpoints" name="test_indian_states_endpoint" time="0.010" /><testcase classname="backend.tests.test_abandoned_cart.TestPublicEndpoints" name="test_banners_endpoint" time="0.012" /><testcase classname="backend.tests.test_abandoned_cart.TestCartFunctionality" name="test_get_cart_guest" time="0.010" /><testcase classname="backend.tests.test_abandoned_cart.TestCartFunctionality" name="test_add_to_cart" time="0.030" /><testcase classname="backend.tests.test_abandoned_cart.TestCartFunctionality" name="test_save_cart_contact_email" time="0.010" /><testcase classname="backend.tests.test_abandoned_cart.TestCartFunctionality" name="test_save_cart_contact_phone" time="0.007" /><testcase classname="backend.tests.test_abandoned_cart.TestCartFunctionality" name="test_save_cart_contact_both" time="0.008" /><testcase classname="backend.tests.test_abandoned_cart.TestCartFunctionality" name="test_save_cart_contact_validation" time="0.049" /><testcase classname="backend.tests.test_abandoned_cart.TestAdminEndpointsAuth" name="test_abandoned_carts_requires_auth" time="0.006" /><testcase classname="backend.tests.test_abandoned_cart.TestAdminEndpointsAuth" name="test_abandoned_carts_stats_requires_auth" time="0.007" /><testcase classname="backend.tests.test_abandoned_cart.TestAdminEndpointsAuth" name="test_admin_shipments_requires_auth" time="0.006" /><testcase classname="backend.tests.test_abandoned_cart.TestAdminEndpointsAuth" name="test_admin_orders_requires_auth" time="0.047" /><testcase classname="backend.tests.test_abandoned_cart.TestAdminEndpointsAuth" name="test_admin_analytics_requires_auth" time="0.008" /><testcase classname="backend.tests.test_abandoned_cart.TestAdminWithAuth" name="test_abandoned_carts_with_auth" time="3.556"><failure message="assert 520 == 200&#10; +  where 520 = &lt;Response [520]&gt;.status_code">backend/tests/test_abandoned_cart.py:255: in test_abandoned_carts_with_auth
    assert response.status_code == 200
E   assert 520 == 200
E    +  where 520 = &lt;Response [520]&gt;.status_code</failure></testcase><testcase classname="backend.tests.test_abandoned_cart.TestAdminWithAuth" name="test_abandoned_carts_with_filter" time="1.258"><failure message="assert 520 == 200&#10; +  where 520 = &lt;Response [520]&gt;.status_code">backend/tests/test_abandoned_cart.py:283: in test_abandoned_carts_with_filter
    assert response.status_code == 200
E   assert 520 == 200
E    +  where 520 = &lt;Response [520]&gt;.status_code</failure></testcase><testcase classname="backend.tests.test_abandoned_cart.TestAdminWithAuth" name="test_abandoned_carts_stats_with_auth" time="0.850" /><testcase classname="backend.tests.test_abandoned_cart.TestAdminWithAuth" name="test_admin_shipments_with_auth" time="0.882" /><testcase classname="backend.tests.test_abandoned_cart.TestAdminWithAuth" name="test_admin_orders_with_auth" time="0.860" /><testcase classname="backend.tests.test_abandoned_cart.TestShiprocketIntegration" name="test_shiprocket_check_serviceability" time="0.009" /><testcase classname="backend.tests.test_abandoned_cart.TestGSTCalculation" name="test_gst_settings_structure" time="0.009" /><testcase classname="backend.tests.test_abandoned_cart.TestGSTCalculation" name="test_product_gst_fields" time="0.010" /></testsuite></testsuites>