<?xml version="1.0" encoding="utf-8"?><testsuites name="pytest tests"><testsuite name="pytest" errors="0" failures="0" skipped="0" tests="24" time="4.429" timestamp="2026-02-02T20:09:32.239424+00:00" hostname="agent-env-64e534a2-acd2-4d2c-b303-7aa8d086a682"><testcase classname="backend.tests.test_abandoned_cart.TestPublicEndpoints" name="test_products_endpoint" time="0.098" /><testcase classname="backend.tests.test_abandoned_cart.TestPublicEndpoints" name="test_categories_endpoint" time="0.011" /><testcase classname="backend.tests.test_abandoned_cart.TestPublicEndpoints" name="test_gst_settings_endpoint" time="0.049" /><testcase classname="backend.tests.test_abandoned_cart.TestPublicEndpoints" name="test_indian_states_endpoint" time="0.012" /><testcase classname="backend.tests.test_abandoned_cart.TestPublicEndpoints" name="test_banners_endpoint" time="0.009" /><testcase classname="backend.tests.test_abandoned_cart.TestCartFunctionality" name="test_get_cart_guest" time="0.050" /><testcase classname="backend.tests.test_abandoned_cart.TestCartFunctionality" name="test_add_to_cart" time="0.061" /><testcase classname="backend.tests.test_abandoned_cart.TestCartFunctionality" name="test_save_cart_contact_email" time="0.009" /><testcase classname="backend.tests.test_abandoned_cart.TestCartFunctionality" name="test_save_cart_contact_phone" time="0.049" /><testcase classname="backend.tests.test_abandoned_cart.TestCartFunctionality" name="test_save_cart_contact_both" time="0.049" /><testcase classname="backend.tests.test_abandoned_cart.TestCartFunctionality" name="test_save_cart_contact_validation" time="0.011" /><testcase classname="backend.tests.test_abandoned_cart.TestAdminEndpointsAuth" name="test_abandoned_carts_requires_auth" time="0.048" /><testcase classname="backend.tests.test_abandoned_cart.TestAdminEndpointsAuth" name="test_abandoned_carts_stats_requires_auth" time="0.049" /><testcase classname="backend.tests.test_abandoned_cart.TestAdminEndpointsAuth" name="test_admin_shipments_requires_auth" time="0.013" /><testcase classname="backend.tests.test_abandoned_cart.TestAdminEndpointsAuth" name="test_admin_orders_requires_auth" time="0.011" /><testcase classname="backend.tests.test_abandoned_cart.TestAdminEndpointsAuth" name="test_admin_analytics_requires_auth" time="0.010" /><testcase classname="backend.tests.test_abandoned_cart.TestAdminWithAuth" name="test_abandoned_carts_with_auth" time="0.758" /><testcase classname="backend.tests.test_abandoned_cart.TestAdminWithAuth" name="test_abandoned_carts_with_filter" time="0.809" /><testcase classname="backend.tests.test_abandoned_cart.TestAdminWithAuth" name="test_abandoned_carts_stats_with_auth" time="0.749" /><testcase classname="backend.tests.test_abandoned_cart.TestAdminWithAuth" name="test_admin_shipments_with_auth" time="0.741" /><testcase classname="backend.tests.test_abandoned_cart.TestAdminWithAuth" name="test_admin_orders_with_auth" time="0.742" /><testcase classname="backend.tests.test_abandoned_cart.TestShiprocketIntegration" name="test_shiprocket_check_serviceability" time="0.011" /><testcase classname="backend.tests.test_abandoned_cart.TestGSTCalculation" name="test_gst_settings_structure" time="0.009" /><testcase classname="backend.tests.test_abandoned_cart.TestGSTCalculation" name="test_product_gst_fields" time="0.008" /></testsuite></testsuites>