<?xml version="1.0" encoding="utf-8"?><testsuites name="pytest tests"><testsuite name="pytest" errors="0" failures="0" skipped="0" tests="20" time="1.436" timestamp="2026-01-23T17:37:34.481466+00:00" hostname="agent-env-74396301-da17-47b3-89c2-2ba3505c648b"><testcase classname="backend.tests.test_banner_management.TestPublicBannerEndpoints" name="test_get_banners_returns_active_banners" time="0.074" /><testcase classname="backend.tests.test_banner_management.TestPublicBannerEndpoints" name="test_get_banners_filter_by_header_type" time="0.038" /><testcase classname="backend.tests.test_banner_management.TestPublicBannerEndpoints" name="test_get_banners_filter_by_footer_type" time="0.038" /><testcase classname="backend.tests.test_banner_management.TestPublicBannerEndpoints" name="test_get_banners_filter_by_side_type" time="0.038" /><testcase classname="backend.tests.test_banner_management.TestPublicBannerEndpoints" name="test_get_banners_filter_by_promotional_type" time="0.042" /><testcase classname="backend.tests.test_banner_management.TestAdminProtectedEndpoints" name="test_get_all_banners_requires_admin_auth" time="0.035" /><testcase classname="backend.tests.test_banner_management.TestAdminProtectedEndpoints" name="test_get_all_banners_with_admin_auth" time="0.037" /><testcase classname="backend.tests.test_banner_management.TestAdminProtectedEndpoints" name="test_upload_image_requires_admin_auth" time="0.045" /><testcase classname="backend.tests.test_banner_management.TestAdminProtectedEndpoints" name="test_upload_image_with_admin_auth" time="0.063" /><testcase classname="backend.tests.test_banner_management.TestAdminProtectedEndpoints" name="test_create_banner_requires_admin_auth" time="0.041" /><testcase classname="backend.tests.test_banner_management.TestAdminProtectedEndpoints" name="test_create_banner_with_admin_auth" time="0.077" /><testcase classname="backend.tests.test_banner_management.TestStaticFileServing" name="test_uploaded_file_accessible" time="0.076" /><testcase classname="backend.tests.test_banner_management.TestStaticFileServing" name="test_nonexistent_file_returns_404" time="0.038" /><testcase classname="backend.tests.test_banner_management.TestBannerScheduling" name="test_banner_with_future_start_date_not_in_public_api" time="0.116" /><testcase classname="backend.tests.test_banner_management.TestBannerScheduling" name="test_banner_with_past_end_date_not_in_public_api" time="0.106" /><testcase classname="backend.tests.test_banner_management.TestBannerScheduling" name="test_banner_within_schedule_appears_in_public_api" time="0.102" /><testcase classname="backend.tests.test_banner_management.TestBannerScheduling" name="test_banner_without_schedule_appears_in_public_api" time="0.107" /><testcase classname="backend.tests.test_banner_management.TestBannerScheduling" name="test_scheduled_banners_visible_in_admin_all_endpoint" time="0.098" /><testcase classname="backend.tests.test_banner_management.TestBannerTypeFilteringWithScheduling" name="test_type_filter_respects_scheduling" time="0.137" /><testcase classname="backend.tests.test_banner_management.TestCleanup" name="test_cleanup_test_banners" time="0.036" /></testsuite></testsuites>