<?xml version="1.0" encoding="utf-8"?><testsuites name="pytest tests"><testsuite name="pytest" errors="0" failures="0" skipped="0" tests="13" time="1.210" timestamp="2026-01-23T17:11:19.738287+00:00" hostname="agent-env-74396301-da17-47b3-89c2-2ba3505c648b"><testcase classname="tests.test_banner_upload.TestBannerImageUpload" name="test_upload_image_requires_auth" time="0.142" /><testcase classname="tests.test_banner_upload.TestBannerImageUpload" name="test_upload_image_with_admin_auth" time="0.041" /><testcase classname="tests.test_banner_upload.TestBannerImageUpload" name="test_upload_image_png_format" time="0.038" /><testcase classname="tests.test_banner_upload.TestBannerImageUpload" name="test_upload_image_webp_format" time="0.106" /><testcase classname="tests.test_banner_upload.TestBannerImageUpload" name="test_upload_invalid_file_type" time="0.043" /><testcase classname="tests.test_banner_upload.TestBannerImageUpload" name="test_uploaded_image_accessible" time="0.101" /><testcase classname="tests.test_banner_upload.TestBannerCRUD" name="test_get_banners_public" time="0.043" /><testcase classname="tests.test_banner_upload.TestBannerCRUD" name="test_create_banner_with_url" time="0.041" /><testcase classname="tests.test_banner_upload.TestBannerCRUD" name="test_create_banner_with_uploaded_image" time="0.084" /><testcase classname="tests.test_banner_upload.TestBannerCRUD" name="test_create_banner_all_types" time="0.148" /><testcase classname="tests.test_banner_upload.TestBannerCRUD" name="test_delete_banner" time="0.073" /><testcase classname="tests.test_banner_upload.TestBannerCRUD" name="test_create_banner_requires_auth" time="0.039" /><testcase classname="tests.test_banner_upload.TestCleanup" name="test_cleanup_test_banners" time="0.242" /></testsuite></testsuites>