<?xml version="1.0" encoding="utf-8"?><testsuites name="pytest tests"><testsuite name="pytest" errors="0" failures="0" skipped="0" tests="28" time="2.182" timestamp="2026-01-27T16:08:58.715929+00:00" hostname="agent-env-57e46e08-d985-47c7-a259-19cfd3e7bfe6"><testcase classname="backend.tests.test_banner_placements.TestBannerPublicEndpoints" name="test_get_banners_returns_200" time="0.729" /><testcase classname="backend.tests.test_banner_placements.TestBannerPublicEndpoints" name="test_get_banners_with_placement_filter" time="0.044" /><testcase classname="backend.tests.test_banner_placements.TestBannerPublicEndpoints" name="test_all_placements_return_valid_response[hero]" time="0.040" /><testcase classname="backend.tests.test_banner_placements.TestBannerPublicEndpoints" name="test_all_placements_return_valid_response[below_hero]" time="0.039" /><testcase classname="backend.tests.test_banner_placements.TestBannerPublicEndpoints" name="test_all_placements_return_valid_response[popup]" time="0.036" /><testcase classname="backend.tests.test_banner_placements.TestBannerPublicEndpoints" name="test_all_placements_return_valid_response[category_header]" time="0.034" /><testcase classname="backend.tests.test_banner_placements.TestBannerPublicEndpoints" name="test_all_placements_return_valid_response[category_sidebar]" time="0.037" /><testcase classname="backend.tests.test_banner_placements.TestBannerPublicEndpoints" name="test_all_placements_return_valid_response[category_footer]" time="0.035" /><testcase classname="backend.tests.test_banner_placements.TestBannerPublicEndpoints" name="test_all_placements_return_valid_response[product_page]" time="0.036" /><testcase classname="backend.tests.test_banner_placements.TestBannerPublicEndpoints" name="test_all_placements_return_valid_response[cart_page]" time="0.040" /><testcase classname="backend.tests.test_banner_placements.TestBannerPublicEndpoints" name="test_all_placements_return_valid_response[checkout_page]" time="0.039" /><testcase classname="backend.tests.test_banner_placements.TestBannerPublicEndpoints" name="test_banner_tracking_impression" time="0.070" /><testcase classname="backend.tests.test_banner_placements.TestBannerPublicEndpoints" name="test_banner_tracking_click" time="0.073" /><testcase classname="backend.tests.test_banner_placements.TestBannerAdminEndpoints" name="test_get_all_banners_requires_auth" time="0.035" /><testcase classname="backend.tests.test_banner_placements.TestBannerAdminEndpoints" name="test_get_banner_stats_requires_auth" time="0.038" /><testcase classname="backend.tests.test_banner_placements.TestBannerAdminEndpoints" name="test_create_banner_requires_auth" time="0.038" /><testcase classname="backend.tests.test_banner_placements.TestBannerAdminEndpoints" name="test_update_banner_requires_auth" time="0.036" /><testcase classname="backend.tests.test_banner_placements.TestBannerAdminEndpoints" name="test_delete_banner_requires_auth" time="0.036" /><testcase classname="backend.tests.test_banner_placements.TestImageUpload" name="test_upload_image_requires_auth" time="0.038" /><testcase classname="backend.tests.test_banner_placements.TestImageUpload" name="test_get_uploaded_file_serves_existing" time="0.040" /><testcase classname="backend.tests.test_banner_placements.TestImageUpload" name="test_get_uploaded_file_returns_404_for_missing" time="0.033" /><testcase classname="backend.tests.test_banner_placements.TestBannerDataStructure" name="test_banner_has_required_fields" time="0.035" /><testcase classname="backend.tests.test_banner_placements.TestBannerDataStructure" name="test_banner_has_image_fields" time="0.036" /><testcase classname="backend.tests.test_banner_placements.TestBannerDataStructure" name="test_banner_analytics_fields" time="0.034" /><testcase classname="backend.tests.test_banner_placements.TestBannerFiltering" name="test_status_filter_active" time="0.039" /><testcase classname="backend.tests.test_banner_placements.TestBannerFiltering" name="test_category_filter" time="0.042" /><testcase classname="backend.tests.test_banner_placements.TestBannerFiltering" name="test_device_targeting" time="0.034" /><testcase classname="backend.tests.test_banner_placements.TestBannerPlacementCounts" name="test_placement_distribution" time="0.330" /></testsuite></testsuites>