<?xml version="1.0" encoding="utf-8"?><testsuites name="pytest tests"><testsuite name="pytest" errors="0" failures="0" skipped="0" tests="16" time="1.261" timestamp="2026-01-23T14:24:09.631982+00:00" hostname="agent-env-1308b0e9-eed4-4931-bc32-539425dfca7f"><testcase classname="backend.tests.test_coupons.TestCouponValidation" name="test_validate_percentage_coupon_save10" time="0.099" /><testcase classname="backend.tests.test_coupons.TestCouponValidation" name="test_validate_flat_coupon_flat100" time="0.041" /><testcase classname="backend.tests.test_coupons.TestCouponValidation" name="test_validate_percentage_coupon_save20" time="0.041" /><testcase classname="backend.tests.test_coupons.TestCouponValidation" name="test_validate_invalid_coupon" time="0.039" /><testcase classname="backend.tests.test_coupons.TestCouponValidation" name="test_validate_coupon_case_insensitive" time="0.040" /><testcase classname="backend.tests.test_coupons.TestCouponCRUD" name="test_get_all_coupons_admin" time="0.045" /><testcase classname="backend.tests.test_coupons.TestCouponCRUD" name="test_get_coupons_unauthorized" time="0.044" /><testcase classname="backend.tests.test_coupons.TestCouponCRUD" name="test_create_percentage_coupon" time="0.080" /><testcase classname="backend.tests.test_coupons.TestCouponCRUD" name="test_create_flat_amount_coupon" time="0.079" /><testcase classname="backend.tests.test_coupons.TestCouponCRUD" name="test_create_coupon_unauthorized" time="0.037" /><testcase classname="backend.tests.test_coupons.TestCouponCRUD" name="test_update_coupon" time="0.114" /><testcase classname="backend.tests.test_coupons.TestCouponCRUD" name="test_toggle_coupon_status" time="0.185" /><testcase classname="backend.tests.test_coupons.TestCouponCRUD" name="test_delete_coupon" time="0.124" /><testcase classname="backend.tests.test_coupons.TestCouponCRUD" name="test_delete_coupon_unauthorized" time="0.038" /><testcase classname="backend.tests.test_coupons.TestCouponCRUD" name="test_get_single_coupon" time="0.071" /><testcase classname="backend.tests.test_coupons.TestExpiredCoupon" name="test_expired_coupon_validation" time="0.110" /></testsuite></testsuites>